<?xml version="1.0" encoding="UTF-8"?>
<coverage generated="1437152581">
  <project timestamp="1437152581">
    <package name="Dwr\GlobalWeatherBundle\Entity">
      <file name="/var/www/dwr-globalweather-bundle/src/Dwr/GlobalWeatherBundle/Entity/Location.php">
        <class name="Location" namespace="Dwr\GlobalWeatherBundle\Entity">
          <metrics methods="4" coveredmethods="4" conditionals="0" coveredconditionals="0" statements="6" coveredstatements="6" elements="10" coveredelements="10"/>
        </class>
        <line num="10" type="method" name="setLocation" crap="1" count="6"/>
        <line num="12" type="stmt" count="6"/>
        <line num="13" type="stmt" count="6"/>
        <line num="15" type="stmt" count="6"/>
        <line num="18" type="method" name="getLocation" crap="1" count="3"/>
        <line num="20" type="stmt" count="3"/>
        <line num="23" type="method" name="getCountry" crap="1" count="6"/>
        <line num="25" type="stmt" count="6"/>
        <line num="28" type="method" name="getCity" crap="1" count="6"/>
        <line num="30" type="stmt" count="6"/>
        <metrics loc="32" ncloc="32" classes="1" methods="4" coveredmethods="4" conditionals="0" coveredconditionals="0" statements="6" coveredstatements="6" elements="10" coveredelements="10"/>
      </file>
    </package>
    <package name="Dwr\GlobalWeatherBundle\Utility">
      <file name="/var/www/dwr-globalweather-bundle/src/Dwr/GlobalWeatherBundle/Utility/ParserXML.php">
        <class name="ParserXML" namespace="Dwr\GlobalWeatherBundle\Utility">
          <metrics methods="4" coveredmethods="4" conditionals="0" coveredconditionals="0" statements="13" coveredstatements="13" elements="17" coveredelements="17"/>
        </class>
        <line num="8" type="method" name="parseXML" crap="2" count="8"/>
        <line num="10" type="stmt" count="8"/>
        <line num="11" type="stmt" count="8"/>
        <line num="13" type="stmt" count="8"/>
        <line num="14" type="stmt" count="5"/>
        <line num="16" type="stmt" count="3"/>
        <line num="19" type="method" name="isValid" crap="3" count="8"/>
        <line num="21" type="stmt" count="8"/>
        <line num="22" type="stmt" count="3"/>
        <line num="23" type="stmt" count="3"/>
        <line num="24" type="stmt" count="3"/>
        <line num="25" type="stmt" count="3"/>
        <line num="27" type="stmt" count="5"/>
        <line num="30" type="method" name="getErrors" crap="1" count="2"/>
        <line num="32" type="stmt" count="2"/>
        <line num="35" type="method" name="xml16To8Utf" crap="1" count="8"/>
        <line num="37" type="stmt" count="8"/>
        <metrics loc="39" ncloc="39" classes="1" methods="4" coveredmethods="4" conditionals="0" coveredconditionals="0" statements="13" coveredstatements="13" elements="17" coveredelements="17"/>
      </file>
    </package>
    <package name="Dwr\GlobalWeatherBundle\WeatherService\Client">
      <file name="/var/www/dwr-globalweather-bundle/src/Dwr/GlobalWeatherBundle/WeatherService/Client/GlobalWeatherClient.php">
        <class name="GlobalWeatherClient" namespace="Dwr\GlobalWeatherBundle\WeatherService\Client">
          <metrics methods="2" coveredmethods="0" conditionals="0" coveredconditionals="0" statements="6" coveredstatements="0" elements="8" coveredelements="0"/>
        </class>
        <line num="19" type="method" name="__construct" crap="2" count="0"/>
        <line num="21" type="stmt" count="0"/>
        <line num="22" type="stmt" count="0"/>
        <line num="23" type="stmt" count="0"/>
        <line num="29" type="method" name="connect" crap="2" count="0"/>
        <line num="31" type="stmt" count="0"/>
        <line num="32" type="stmt" count="0"/>
        <line num="34" type="stmt" count="0"/>
        <metrics loc="36" ncloc="23" classes="1" methods="2" coveredmethods="0" conditionals="0" coveredconditionals="0" statements="6" coveredstatements="0" elements="8" coveredelements="0"/>
      </file>
    </package>
    <package name="Dwr\GlobalWeatherBundle\WeatherService">
      <file name="/var/www/dwr-globalweather-bundle/src/Dwr/GlobalWeatherBundle/WeatherService/GlobalWeather.php">
        <class name="GlobalWeather" namespace="Dwr\GlobalWeatherBundle\WeatherService">
          <metrics methods="3" coveredmethods="3" conditionals="0" coveredconditionals="0" statements="14" coveredstatements="14" elements="17" coveredelements="17"/>
        </class>
        <line num="24" type="method" name="__construct" crap="1" count="3"/>
        <line num="25" type="stmt" count="1"/>
        <line num="26" type="stmt" count="3"/>
        <line num="27" type="stmt" count="3"/>
        <line num="28" type="stmt" count="3"/>
        <line num="34" type="method" name="getCurrentWeather" crap="1" count="3"/>
        <line num="36" type="stmt" count="3"/>
        <line num="37" type="stmt" count="3"/>
        <line num="44" type="method" name="getWeatherResultXML" crap="2" count="3"/>
        <line num="47" type="stmt" count="3"/>
        <line num="49" type="stmt" count="3"/>
        <line num="50" type="stmt" count="3"/>
        <line num="51" type="stmt" count="3"/>
        <line num="52" type="stmt" count="3"/>
        <line num="53" type="stmt" count="2"/>
        <line num="54" type="stmt" count="1"/>
        <line num="55" type="stmt" count="1"/>
        <metrics loc="58" ncloc="40" classes="1" methods="3" coveredmethods="3" conditionals="0" coveredconditionals="0" statements="14" coveredstatements="14" elements="17" coveredelements="17"/>
      </file>
    </package>
    <metrics files="4" loc="165" ncloc="134" classes="4" methods="13" coveredmethods="11" conditionals="0" coveredconditionals="0" statements="39" coveredstatements="33" elements="52" coveredelements="44"/>
  </project>
</coverage>
