<?xml version="1.0" encoding="UTF-8"?>
<coverage generated="1437207305">
  <project timestamp="1437207305">
    <package name="Dwr\GlobalWeatherBundle\Entity">
      <file name="/var/www/dwr-globalweather-bundle/src/Dwr/GlobalWeatherBundle/Entity/Location.php">
        <class name="Location" namespace="Dwr\GlobalWeatherBundle\Entity">
          <metrics methods="4" coveredmethods="4" conditionals="0" coveredconditionals="0" statements="6" coveredstatements="6" elements="10" coveredelements="10"/>
        </class>
        <line num="10" type="method" name="setLocation" crap="1" count="6"/>
        <line num="12" type="stmt" count="6"/>
        <line num="13" type="stmt" count="6"/>
        <line num="15" type="stmt" count="6"/>
        <line num="18" type="method" name="getLocation" crap="1" count="3"/>
        <line num="20" type="stmt" count="3"/>
        <line num="23" type="method" name="getCountry" crap="1" count="6"/>
        <line num="25" type="stmt" count="6"/>
        <line num="28" type="method" name="getCity" crap="1" count="6"/>
        <line num="30" type="stmt" count="6"/>
        <metrics loc="32" ncloc="32" classes="1" methods="4" coveredmethods="4" conditionals="0" coveredconditionals="0" statements="6" coveredstatements="6" elements="10" coveredelements="10"/>
      </file>
    </package>
    <package name="Dwr\GlobalWeatherBundle\Form">
      <file name="/var/www/dwr-globalweather-bundle/src/Dwr/GlobalWeatherBundle/Form/LocationChoice.php">
        <class name="LocationChoice" namespace="Dwr\GlobalWeatherBundle\Form">
          <metrics methods="3" coveredmethods="3" conditionals="0" coveredconditionals="0" statements="12" coveredstatements="12" elements="15" coveredelements="15"/>
        </class>
        <line num="12" type="method" name="__construct" crap="1" count="3"/>
        <line num="14" type="stmt" count="3"/>
        <line num="15" type="stmt" count="3"/>
        <line num="20" type="method" name="loadChoiceList" crap="1" count="3"/>
        <line num="22" type="stmt" count="3"/>
        <line num="23" type="stmt" count="3"/>
        <line num="30" type="method" name="getLocationCities" crap="3" count="3"/>
        <line num="32" type="stmt" count="3"/>
        <line num="33" type="stmt" count="3"/>
        <line num="34" type="stmt" count="2"/>
        <line num="35" type="stmt" count="2"/>
        <line num="36" type="stmt" count="2"/>
        <line num="37" type="stmt" count="2"/>
        <line num="38" type="stmt" count="3"/>
        <line num="40" type="stmt" count="3"/>
        <metrics loc="42" ncloc="35" classes="1" methods="3" coveredmethods="3" conditionals="0" coveredconditionals="0" statements="12" coveredstatements="12" elements="15" coveredelements="15"/>
      </file>
    </package>
    <package name="Dwr\GlobalWeatherBundle\Utility">
      <file name="/var/www/dwr-globalweather-bundle/src/Dwr/GlobalWeatherBundle/Utility/ParserXML.php">
        <class name="ParserXML" namespace="Dwr\GlobalWeatherBundle\Utility">
          <metrics methods="4" coveredmethods="4" conditionals="0" coveredconditionals="0" statements="13" coveredstatements="13" elements="17" coveredelements="17"/>
        </class>
        <line num="8" type="method" name="parseXML" crap="2" count="8"/>
        <line num="10" type="stmt" count="8"/>
        <line num="11" type="stmt" count="8"/>
        <line num="13" type="stmt" count="8"/>
        <line num="14" type="stmt" count="5"/>
        <line num="16" type="stmt" count="3"/>
        <line num="19" type="method" name="isValid" crap="3" count="8"/>
        <line num="21" type="stmt" count="8"/>
        <line num="22" type="stmt" count="3"/>
        <line num="23" type="stmt" count="3"/>
        <line num="24" type="stmt" count="3"/>
        <line num="25" type="stmt" count="3"/>
        <line num="27" type="stmt" count="5"/>
        <line num="30" type="method" name="getErrors" crap="1" count="2"/>
        <line num="32" type="stmt" count="2"/>
        <line num="35" type="method" name="xml16To8Utf" crap="1" count="8"/>
        <line num="37" type="stmt" count="8"/>
        <metrics loc="39" ncloc="39" classes="1" methods="4" coveredmethods="4" conditionals="0" coveredconditionals="0" statements="13" coveredstatements="13" elements="17" coveredelements="17"/>
      </file>
    </package>
    <package name="Dwr\GlobalWeatherBundle\WeatherService\Client">
      <file name="/var/www/dwr-globalweather-bundle/src/Dwr/GlobalWeatherBundle/WeatherService/Client/GlobalWeatherClient.php">
        <class name="GlobalWeatherClient" namespace="Dwr\GlobalWeatherBundle\WeatherService\Client">
          <metrics methods="2" coveredmethods="0" conditionals="0" coveredconditionals="0" statements="6" coveredstatements="0" elements="8" coveredelements="0"/>
        </class>
        <line num="19" type="method" name="__construct" crap="2" count="0"/>
        <line num="21" type="stmt" count="0"/>
        <line num="22" type="stmt" count="0"/>
        <line num="23" type="stmt" count="0"/>
        <line num="29" type="method" name="connect" crap="2" count="0"/>
        <line num="31" type="stmt" count="0"/>
        <line num="32" type="stmt" count="0"/>
        <line num="34" type="stmt" count="0"/>
        <metrics loc="36" ncloc="23" classes="1" methods="2" coveredmethods="0" conditionals="0" coveredconditionals="0" statements="6" coveredstatements="0" elements="8" coveredelements="0"/>
      </file>
    </package>
    <package name="Dwr\GlobalWeatherBundle\WeatherService">
      <file name="/var/www/dwr-globalweather-bundle/src/Dwr/GlobalWeatherBundle/WeatherService/GlobalWeather.php">
        <class name="GlobalWeather" namespace="Dwr\GlobalWeatherBundle\WeatherService">
          <metrics methods="3" coveredmethods="3" conditionals="0" coveredconditionals="0" statements="14" coveredstatements="14" elements="17" coveredelements="17"/>
        </class>
        <line num="24" type="method" name="__construct" crap="1" count="3"/>
        <line num="25" type="stmt" count="1"/>
        <line num="26" type="stmt" count="3"/>
        <line num="27" type="stmt" count="3"/>
        <line num="28" type="stmt" count="3"/>
        <line num="34" type="method" name="getCurrentWeather" crap="1" count="3"/>
        <line num="36" type="stmt" count="3"/>
        <line num="37" type="stmt" count="3"/>
        <line num="44" type="method" name="getWeatherResultXML" crap="2" count="3"/>
        <line num="47" type="stmt" count="3"/>
        <line num="49" type="stmt" count="3"/>
        <line num="50" type="stmt" count="3"/>
        <line num="51" type="stmt" count="3"/>
        <line num="52" type="stmt" count="3"/>
        <line num="53" type="stmt" count="2"/>
        <line num="54" type="stmt" count="1"/>
        <line num="55" type="stmt" count="1"/>
        <metrics loc="58" ncloc="40" classes="1" methods="3" coveredmethods="3" conditionals="0" coveredconditionals="0" statements="14" coveredstatements="14" elements="17" coveredelements="17"/>
      </file>
    </package>
    <package name="Symfony\Component\Form\ChoiceList\View">
      <file name="/var/www/dwr-globalweather-bundle/src/Dwr/GlobalWeatherBundle/vendor/symfony/symfony/src/Symfony/Component/Form/ChoiceList/View/ChoiceView.php">
        <class name="ChoiceView" namespace="Symfony\Component\Form\ChoiceList\View">
          <metrics methods="0" coveredmethods="0" conditionals="0" coveredconditionals="0" statements="0" coveredstatements="0" elements="0" coveredelements="0"/>
        </class>
        <metrics loc="92" ncloc="36" classes="1" methods="0" coveredmethods="0" conditionals="0" coveredconditionals="0" statements="0" coveredstatements="0" elements="0" coveredelements="0"/>
      </file>
    </package>
    <package name="Symfony\Component\Form\Extension\Core\ChoiceList">
      <file name="/var/www/dwr-globalweather-bundle/src/Dwr/GlobalWeatherBundle/vendor/symfony/symfony/src/Symfony/Component/Form/Extension/Core/ChoiceList/ChoiceList.php">
        <class name="ChoiceList" namespace="Symfony\Component\Form\Extension\Core\ChoiceList">
          <metrics methods="22" coveredmethods="3" conditionals="0" coveredconditionals="0" statements="141" coveredstatements="28" elements="163" coveredelements="31"/>
        </class>
        <line num="14" type="stmt" count="1"/>
        <line num="90" type="method" name="__construct" crap="3.14" count="3"/>
        <line num="92" type="stmt" count="3"/>
        <line num="93" type="stmt" count="0"/>
        <line num="96" type="stmt" count="3"/>
        <line num="97" type="stmt" count="3"/>
        <line num="108" type="method" name="initialize" crap="1" count="3"/>
        <line num="110" type="stmt" count="3"/>
        <line num="111" type="stmt" count="3"/>
        <line num="112" type="stmt" count="3"/>
        <line num="113" type="stmt" count="3"/>
        <line num="115" type="stmt" count="3"/>
        <line num="116" type="stmt" count="3"/>
        <line num="117" type="stmt" count="3"/>
        <line num="118" type="stmt" count="3"/>
        <line num="119" type="stmt" count="3"/>
        <line num="121" type="stmt" count="3"/>
        <line num="122" type="stmt" count="3"/>
        <line num="127" type="method" name="getChoices" crap="1" count="2"/>
        <line num="129" type="stmt" count="2"/>
        <line num="135" type="method" name="getValues" crap="2" count="0"/>
        <line num="137" type="stmt" count="0"/>
        <line num="143" type="method" name="getPreferredViews" crap="2" count="0"/>
        <line num="145" type="stmt" count="0"/>
        <line num="151" type="method" name="getRemainingViews" crap="2" count="0"/>
        <line num="153" type="stmt" count="0"/>
        <line num="159" type="method" name="getChoicesForValues" crap="30" count="0"/>
        <line num="161" type="stmt" count="0"/>
        <line num="162" type="stmt" count="0"/>
        <line num="164" type="stmt" count="0"/>
        <line num="165" type="stmt" count="0"/>
        <line num="166" type="stmt" count="0"/>
        <line num="167" type="stmt" count="0"/>
        <line num="168" type="stmt" count="0"/>
        <line num="170" type="stmt" count="0"/>
        <line num="171" type="stmt" count="0"/>
        <line num="173" type="stmt" count="0"/>
        <line num="174" type="stmt" count="0"/>
        <line num="175" type="stmt" count="0"/>
        <line num="177" type="stmt" count="0"/>
        <line num="183" type="method" name="getValuesForChoices" crap="30" count="0"/>
        <line num="185" type="stmt" count="0"/>
        <line num="186" type="stmt" count="0"/>
        <line num="188" type="stmt" count="0"/>
        <line num="189" type="stmt" count="0"/>
        <line num="190" type="stmt" count="0"/>
        <line num="191" type="stmt" count="0"/>
        <line num="192" type="stmt" count="0"/>
        <line num="194" type="stmt" count="0"/>
        <line num="195" type="stmt" count="0"/>
        <line num="197" type="stmt" count="0"/>
        <line num="198" type="stmt" count="0"/>
        <line num="199" type="stmt" count="0"/>
        <line num="201" type="stmt" count="0"/>
        <line num="209" type="method" name="getIndicesForChoices" crap="30" count="0"/>
        <line num="211" type="stmt" count="0"/>
        <line num="213" type="stmt" count="0"/>
        <line num="214" type="stmt" count="0"/>
        <line num="216" type="stmt" count="0"/>
        <line num="217" type="stmt" count="0"/>
        <line num="218" type="stmt" count="0"/>
        <line num="219" type="stmt" count="0"/>
        <line num="220" type="stmt" count="0"/>
        <line num="222" type="stmt" count="0"/>
        <line num="223" type="stmt" count="0"/>
        <line num="225" type="stmt" count="0"/>
        <line num="226" type="stmt" count="0"/>
        <line num="227" type="stmt" count="0"/>
        <line num="229" type="stmt" count="0"/>
        <line num="237" type="method" name="getIndicesForValues" crap="30" count="0"/>
        <line num="239" type="stmt" count="0"/>
        <line num="241" type="stmt" count="0"/>
        <line num="242" type="stmt" count="0"/>
        <line num="244" type="stmt" count="0"/>
        <line num="245" type="stmt" count="0"/>
        <line num="246" type="stmt" count="0"/>
        <line num="247" type="stmt" count="0"/>
        <line num="248" type="stmt" count="0"/>
        <line num="250" type="stmt" count="0"/>
        <line num="251" type="stmt" count="0"/>
        <line num="253" type="stmt" count="0"/>
        <line num="254" type="stmt" count="0"/>
        <line num="255" type="stmt" count="0"/>
        <line num="257" type="stmt" count="0"/>
        <line num="274" type="method" name="addChoices" crap="30" count="0"/>
        <line num="277" type="stmt" count="0"/>
        <line num="278" type="stmt" count="0"/>
        <line num="279" type="stmt" count="0"/>
        <line num="282" type="stmt" count="0"/>
        <line num="284" type="stmt" count="0"/>
        <line num="285" type="stmt" count="0"/>
        <line num="286" type="stmt" count="0"/>
        <line num="287" type="stmt" count="0"/>
        <line num="288" type="stmt" count="0"/>
        <line num="289" type="stmt" count="0"/>
        <line num="290" type="stmt" count="0"/>
        <line num="292" type="stmt" count="0"/>
        <line num="293" type="stmt" count="0"/>
        <line num="294" type="stmt" count="0"/>
        <line num="295" type="stmt" count="0"/>
        <line num="296" type="stmt" count="0"/>
        <line num="297" type="stmt" count="0"/>
        <line num="298" type="stmt" count="0"/>
        <line num="299" type="stmt" count="0"/>
        <line num="301" type="stmt" count="0"/>
        <line num="303" type="stmt" count="0"/>
        <line num="304" type="stmt" count="0"/>
        <line num="320" type="method" name="addChoiceGroup" crap="12" count="0"/>
        <line num="324" type="stmt" count="0"/>
        <line num="325" type="stmt" count="0"/>
        <line num="327" type="stmt" count="0"/>
        <line num="328" type="stmt" count="0"/>
        <line num="329" type="stmt" count="0"/>
        <line num="330" type="stmt" count="0"/>
        <line num="331" type="stmt" count="0"/>
        <line num="333" type="stmt" count="0"/>
        <line num="336" type="stmt" count="0"/>
        <line num="337" type="stmt" count="0"/>
        <line num="338" type="stmt" count="0"/>
        <line num="339" type="stmt" count="0"/>
        <line num="340" type="stmt" count="0"/>
        <line num="341" type="stmt" count="0"/>
        <line num="342" type="stmt" count="0"/>
        <line num="357" type="method" name="addChoice" crap="6.84" count="2"/>
        <line num="359" type="stmt" count="2"/>
        <line num="361" type="stmt" count="2"/>
        <line num="362" type="stmt" count="0"/>
        <line num="365" type="stmt" count="2"/>
        <line num="367" type="stmt" count="2"/>
        <line num="368" type="stmt" count="0"/>
        <line num="371" type="stmt" count="2"/>
        <line num="373" type="stmt" count="2"/>
        <line num="374" type="stmt" count="2"/>
        <line num="376" type="stmt" count="2"/>
        <line num="377" type="stmt" count="0"/>
        <line num="378" type="stmt" count="0"/>
        <line num="379" type="stmt" count="2"/>
        <line num="381" type="stmt" count="2"/>
        <line num="395" type="method" name="isPreferred" crap="2" count="0"/>
        <line num="397" type="stmt" count="0"/>
        <line num="410" type="method" name="createIndex" crap="1" count="2"/>
        <line num="412" type="stmt" count="2"/>
        <line num="426" type="method" name="createValue" crap="2" count="0"/>
        <line num="428" type="stmt" count="0"/>
        <line num="439" type="method" name="fixValue" crap="2" count="0"/>
        <line num="441" type="stmt" count="0"/>
        <line num="452" type="method" name="fixValues" crap="6" count="0"/>
        <line num="454" type="stmt" count="0"/>
        <line num="455" type="stmt" count="0"/>
        <line num="456" type="stmt" count="0"/>
        <line num="458" type="stmt" count="0"/>
        <line num="469" type="method" name="fixIndex" crap="3.33" count="2"/>
        <line num="471" type="stmt" count="2"/>
        <line num="472" type="stmt" count="0"/>
        <line num="475" type="stmt" count="2"/>
        <line num="486" type="method" name="fixIndices" crap="6" count="0"/>
        <line num="488" type="stmt" count="0"/>
        <line num="489" type="stmt" count="0"/>
        <line num="490" type="stmt" count="0"/>
        <line num="492" type="stmt" count="0"/>
        <line num="505" type="method" name="fixChoice" crap="2" count="0"/>
        <line num="507" type="stmt" count="0"/>
        <line num="519" type="method" name="fixChoices" crap="2" count="0"/>
        <line num="521" type="stmt" count="0"/>
        <metrics loc="523" ncloc="285" classes="1" methods="22" coveredmethods="3" conditionals="0" coveredconditionals="0" statements="142" coveredstatements="29" elements="164" coveredelements="32"/>
      </file>
      <file name="/var/www/dwr-globalweather-bundle/src/Dwr/GlobalWeatherBundle/vendor/symfony/symfony/src/Symfony/Component/Form/Extension/Core/ChoiceList/LazyChoiceList.php">
        <class name="LazyChoiceList" namespace="Symfony\Component\Form\Extension\Core\ChoiceList">
          <metrics methods="9" coveredmethods="1" conditionals="0" coveredconditionals="0" statements="39" coveredstatements="8" elements="48" coveredelements="9"/>
        </class>
        <line num="14" type="stmt" count="1"/>
        <line num="42" type="method" name="getChoices" crap="2" count="2"/>
        <line num="44" type="stmt" count="2"/>
        <line num="45" type="stmt" count="2"/>
        <line num="46" type="stmt" count="2"/>
        <line num="48" type="stmt" count="2"/>
        <line num="54" type="method" name="getValues" crap="6" count="0"/>
        <line num="56" type="stmt" count="0"/>
        <line num="57" type="stmt" count="0"/>
        <line num="58" type="stmt" count="0"/>
        <line num="60" type="stmt" count="0"/>
        <line num="66" type="method" name="getPreferredViews" crap="6" count="0"/>
        <line num="68" type="stmt" count="0"/>
        <line num="69" type="stmt" count="0"/>
        <line num="70" type="stmt" count="0"/>
        <line num="72" type="stmt" count="0"/>
        <line num="78" type="method" name="getRemainingViews" crap="6" count="0"/>
        <line num="80" type="stmt" count="0"/>
        <line num="81" type="stmt" count="0"/>
        <line num="82" type="stmt" count="0"/>
        <line num="84" type="stmt" count="0"/>
        <line num="90" type="method" name="getChoicesForValues" crap="6" count="0"/>
        <line num="92" type="stmt" count="0"/>
        <line num="93" type="stmt" count="0"/>
        <line num="94" type="stmt" count="0"/>
        <line num="96" type="stmt" count="0"/>
        <line num="102" type="method" name="getValuesForChoices" crap="6" count="0"/>
        <line num="104" type="stmt" count="0"/>
        <line num="105" type="stmt" count="0"/>
        <line num="106" type="stmt" count="0"/>
        <line num="108" type="stmt" count="0"/>
        <line num="116" type="method" name="getIndicesForChoices" crap="6" count="0"/>
        <line num="118" type="stmt" count="0"/>
        <line num="120" type="stmt" count="0"/>
        <line num="121" type="stmt" count="0"/>
        <line num="122" type="stmt" count="0"/>
        <line num="124" type="stmt" count="0"/>
        <line num="132" type="method" name="getIndicesForValues" crap="6" count="0"/>
        <line num="134" type="stmt" count="0"/>
        <line num="136" type="stmt" count="0"/>
        <line num="137" type="stmt" count="0"/>
        <line num="138" type="stmt" count="0"/>
        <line num="140" type="stmt" count="0"/>
        <line num="152" type="method" name="load" crap="2.03" count="2"/>
        <line num="154" type="stmt" count="2"/>
        <line num="156" type="stmt" count="2"/>
        <line num="157" type="stmt" count="0"/>
        <line num="160" type="stmt" count="2"/>
        <line num="161" type="stmt" count="2"/>
        <metrics loc="162" ncloc="102" classes="1" methods="9" coveredmethods="1" conditionals="0" coveredconditionals="0" statements="40" coveredstatements="9" elements="49" coveredelements="10"/>
      </file>
      <file name="/var/www/dwr-globalweather-bundle/src/Dwr/GlobalWeatherBundle/vendor/symfony/symfony/src/Symfony/Component/Form/Extension/Core/ChoiceList/SimpleChoiceList.php">
        <class name="SimpleChoiceList" namespace="Symfony\Component\Form\Extension\Core\ChoiceList">
          <metrics methods="8" coveredmethods="4" conditionals="0" coveredconditionals="0" statements="30" coveredstatements="15" elements="38" coveredelements="19"/>
        </class>
        <line num="14" type="stmt" count="1"/>
        <line num="50" type="method" name="__construct" crap="1" count="3"/>
        <line num="53" type="stmt" count="3"/>
        <line num="54" type="stmt" count="3"/>
        <line num="59" type="method" name="getChoicesForValues" crap="2" count="0"/>
        <line num="61" type="stmt" count="0"/>
        <line num="65" type="stmt" count="0"/>
        <line num="71" type="method" name="getValuesForChoices" crap="2" count="0"/>
        <line num="73" type="stmt" count="0"/>
        <line num="77" type="stmt" count="0"/>
        <line num="94" type="method" name="addChoices" crap="6.00" count="3"/>
        <line num="97" type="stmt" count="3"/>
        <line num="98" type="stmt" count="2"/>
        <line num="100" type="stmt" count="0"/>
        <line num="101" type="stmt" count="0"/>
        <line num="102" type="stmt" count="0"/>
        <line num="103" type="stmt" count="0"/>
        <line num="104" type="stmt" count="0"/>
        <line num="105" type="stmt" count="0"/>
        <line num="106" type="stmt" count="0"/>
        <line num="108" type="stmt" count="0"/>
        <line num="109" type="stmt" count="0"/>
        <line num="110" type="stmt" count="0"/>
        <line num="111" type="stmt" count="2"/>
        <line num="112" type="stmt" count="2"/>
        <line num="113" type="stmt" count="2"/>
        <line num="114" type="stmt" count="2"/>
        <line num="115" type="stmt" count="2"/>
        <line num="117" type="stmt" count="2"/>
        <line num="119" type="stmt" count="3"/>
        <line num="120" type="stmt" count="3"/>
        <line num="134" type="method" name="isPreferred" crap="1" count="2"/>
        <line num="137" type="stmt" count="2"/>
        <line num="147" type="method" name="fixChoice" crap="1" count="2"/>
        <line num="149" type="stmt" count="2"/>
        <line num="155" type="method" name="fixChoices" crap="2" count="0"/>
        <line num="157" type="stmt" count="0"/>
        <line num="163" type="method" name="createValue" crap="1" count="2"/>
        <line num="167" type="stmt" count="2"/>
        <metrics loc="169" ncloc="64" classes="1" methods="8" coveredmethods="4" conditionals="0" coveredconditionals="0" statements="31" coveredstatements="16" elements="39" coveredelements="20"/>
      </file>
    </package>
    <file name="/var/www/dwr-globalweather-bundle/src/Dwr/GlobalWeatherBundle/vendor/symfony/symfony/src/Symfony/Component/Form/Extension/Core/ChoiceList/ChoiceListInterface.php">
      <metrics loc="168" ncloc="23" classes="0" methods="0" coveredmethods="0" conditionals="0" coveredconditionals="0" statements="0" coveredstatements="0" elements="0" coveredelements="0"/>
    </file>
    <file name="/var/www/dwr-globalweather-bundle/src/Dwr/GlobalWeatherBundle/vendor/symfony/symfony/src/Symfony/Component/Form/Extension/Core/View/ChoiceView.php">
      <line num="14" type="stmt" count="1"/>
      <line num="24" type="stmt" count="1"/>
      <metrics loc="24" ncloc="8" classes="0" methods="0" coveredmethods="0" conditionals="0" coveredconditionals="0" statements="2" coveredstatements="2" elements="2" coveredelements="2"/>
    </file>
    <package name="Symfony\Component\Form">
      <file name="/var/www/dwr-globalweather-bundle/src/Dwr/GlobalWeatherBundle/vendor/symfony/symfony/src/Symfony/Component/Form/FormConfigBuilder.php">
        <class name="FormConfigBuilder" namespace="Symfony\Component\Form">
          <metrics methods="61" coveredmethods="1" conditionals="0" coveredconditionals="0" statements="182" coveredstatements="1" elements="243" coveredelements="2"/>
        </class>
        <line num="191" type="method" name="__construct" crap="20" count="0"/>
        <line num="193" type="stmt" count="0"/>
        <line num="195" type="stmt" count="0"/>
        <line num="196" type="stmt" count="0"/>
        <line num="199" type="stmt" count="0"/>
        <line num="200" type="stmt" count="0"/>
        <line num="201" type="stmt" count="0"/>
        <line num="202" type="stmt" count="0"/>
        <line num="203" type="stmt" count="0"/>
        <line num="208" type="method" name="addEventListener" crap="6" count="0"/>
        <line num="210" type="stmt" count="0"/>
        <line num="211" type="stmt" count="0"/>
        <line num="214" type="stmt" count="0"/>
        <line num="216" type="stmt" count="0"/>
        <line num="222" type="method" name="addEventSubscriber" crap="6" count="0"/>
        <line num="224" type="stmt" count="0"/>
        <line num="225" type="stmt" count="0"/>
        <line num="228" type="stmt" count="0"/>
        <line num="230" type="stmt" count="0"/>
        <line num="236" type="method" name="addViewTransformer" crap="12" count="0"/>
        <line num="238" type="stmt" count="0"/>
        <line num="239" type="stmt" count="0"/>
        <line num="242" type="stmt" count="0"/>
        <line num="243" type="stmt" count="0"/>
        <line num="244" type="stmt" count="0"/>
        <line num="245" type="stmt" count="0"/>
        <line num="248" type="stmt" count="0"/>
        <line num="254" type="method" name="resetViewTransformers" crap="6" count="0"/>
        <line num="256" type="stmt" count="0"/>
        <line num="257" type="stmt" count="0"/>
        <line num="260" type="stmt" count="0"/>
        <line num="262" type="stmt" count="0"/>
        <line num="268" type="method" name="addModelTransformer" crap="12" count="0"/>
        <line num="270" type="stmt" count="0"/>
        <line num="271" type="stmt" count="0"/>
        <line num="274" type="stmt" count="0"/>
        <line num="275" type="stmt" count="0"/>
        <line num="276" type="stmt" count="0"/>
        <line num="277" type="stmt" count="0"/>
        <line num="280" type="stmt" count="0"/>
        <line num="286" type="method" name="resetModelTransformers" crap="6" count="0"/>
        <line num="288" type="stmt" count="0"/>
        <line num="289" type="stmt" count="0"/>
        <line num="292" type="stmt" count="0"/>
        <line num="294" type="stmt" count="0"/>
        <line num="300" type="method" name="getEventDispatcher" crap="12" count="0"/>
        <line num="302" type="stmt" count="0"/>
        <line num="303" type="stmt" count="0"/>
        <line num="304" type="stmt" count="0"/>
        <line num="306" type="stmt" count="0"/>
        <line num="312" type="method" name="getName" crap="2" count="0"/>
        <line num="314" type="stmt" count="0"/>
        <line num="320" type="method" name="getPropertyPath" crap="2" count="0"/>
        <line num="322" type="stmt" count="0"/>
        <line num="328" type="method" name="getMapped" crap="2" count="0"/>
        <line num="330" type="stmt" count="0"/>
        <line num="336" type="method" name="getByReference" crap="2" count="0"/>
        <line num="338" type="stmt" count="0"/>
        <line num="344" type="method" name="getInheritData" crap="2" count="0"/>
        <line num="346" type="stmt" count="0"/>
        <line num="357" type="method" name="getVirtual" crap="2" count="0"/>
        <line num="359" type="stmt" count="0"/>
        <line num="361" type="stmt" count="0"/>
        <line num="367" type="method" name="getCompound" crap="2" count="0"/>
        <line num="369" type="stmt" count="0"/>
        <line num="375" type="method" name="getType" crap="2" count="0"/>
        <line num="377" type="stmt" count="0"/>
        <line num="383" type="method" name="getViewTransformers" crap="2" count="0"/>
        <line num="385" type="stmt" count="0"/>
        <line num="391" type="method" name="getModelTransformers" crap="2" count="0"/>
        <line num="393" type="stmt" count="0"/>
        <line num="399" type="method" name="getDataMapper" crap="2" count="0"/>
        <line num="401" type="stmt" count="0"/>
        <line num="407" type="method" name="getRequired" crap="2" count="0"/>
        <line num="409" type="stmt" count="0"/>
        <line num="415" type="method" name="getDisabled" crap="2" count="0"/>
        <line num="417" type="stmt" count="0"/>
        <line num="423" type="method" name="getErrorBubbling" crap="2" count="0"/>
        <line num="425" type="stmt" count="0"/>
        <line num="431" type="method" name="getEmptyData" crap="2" count="0"/>
        <line num="433" type="stmt" count="0"/>
        <line num="439" type="method" name="getAttributes" crap="2" count="0"/>
        <line num="441" type="stmt" count="0"/>
        <line num="447" type="method" name="hasAttribute" crap="2" count="0"/>
        <line num="449" type="stmt" count="0"/>
        <line num="455" type="method" name="getAttribute" crap="6" count="0"/>
        <line num="457" type="stmt" count="0"/>
        <line num="463" type="method" name="getData" crap="2" count="0"/>
        <line num="465" type="stmt" count="0"/>
        <line num="471" type="method" name="getDataClass" crap="2" count="0"/>
        <line num="473" type="stmt" count="0"/>
        <line num="479" type="method" name="getDataLocked" crap="2" count="0"/>
        <line num="481" type="stmt" count="0"/>
        <line num="487" type="method" name="getFormFactory" crap="2" count="0"/>
        <line num="489" type="stmt" count="0"/>
        <line num="495" type="method" name="getAction" crap="2" count="0"/>
        <line num="497" type="stmt" count="0"/>
        <line num="503" type="method" name="getMethod" crap="2" count="0"/>
        <line num="505" type="stmt" count="0"/>
        <line num="511" type="method" name="getRequestHandler" crap="12" count="0"/>
        <line num="513" type="stmt" count="0"/>
        <line num="514" type="stmt" count="0"/>
        <line num="515" type="stmt" count="0"/>
        <line num="516" type="stmt" count="0"/>
        <line num="517" type="stmt" count="0"/>
        <line num="518" type="stmt" count="0"/>
        <line num="520" type="stmt" count="0"/>
        <line num="526" type="method" name="getAutoInitialize" crap="2" count="0"/>
        <line num="528" type="stmt" count="0"/>
        <line num="534" type="method" name="getOptions" crap="2" count="0"/>
        <line num="536" type="stmt" count="0"/>
        <line num="542" type="method" name="hasOption" crap="2" count="0"/>
        <line num="544" type="stmt" count="0"/>
        <line num="550" type="method" name="getOption" crap="6" count="0"/>
        <line num="552" type="stmt" count="0"/>
        <line num="558" type="method" name="setAttribute" crap="6" count="0"/>
        <line num="560" type="stmt" count="0"/>
        <line num="561" type="stmt" count="0"/>
        <line num="564" type="stmt" count="0"/>
        <line num="566" type="stmt" count="0"/>
        <line num="572" type="method" name="setAttributes" crap="6" count="0"/>
        <line num="574" type="stmt" count="0"/>
        <line num="575" type="stmt" count="0"/>
        <line num="578" type="stmt" count="0"/>
        <line num="580" type="stmt" count="0"/>
        <line num="586" type="method" name="setDataMapper" crap="6" count="0"/>
        <line num="588" type="stmt" count="0"/>
        <line num="589" type="stmt" count="0"/>
        <line num="592" type="stmt" count="0"/>
        <line num="594" type="stmt" count="0"/>
        <line num="600" type="method" name="setDisabled" crap="6" count="0"/>
        <line num="602" type="stmt" count="0"/>
        <line num="603" type="stmt" count="0"/>
        <line num="606" type="stmt" count="0"/>
        <line num="608" type="stmt" count="0"/>
        <line num="614" type="method" name="setEmptyData" crap="6" count="0"/>
        <line num="616" type="stmt" count="0"/>
        <line num="617" type="stmt" count="0"/>
        <line num="620" type="stmt" count="0"/>
        <line num="622" type="stmt" count="0"/>
        <line num="628" type="method" name="setErrorBubbling" crap="12" count="0"/>
        <line num="630" type="stmt" count="0"/>
        <line num="631" type="stmt" count="0"/>
        <line num="634" type="stmt" count="0"/>
        <line num="636" type="stmt" count="0"/>
        <line num="642" type="method" name="setRequired" crap="6" count="0"/>
        <line num="644" type="stmt" count="0"/>
        <line num="645" type="stmt" count="0"/>
        <line num="648" type="stmt" count="0"/>
        <line num="650" type="stmt" count="0"/>
        <line num="656" type="method" name="setPropertyPath" crap="20" count="0"/>
        <line num="658" type="stmt" count="0"/>
        <line num="659" type="stmt" count="0"/>
        <line num="662" type="stmt" count="0"/>
        <line num="663" type="stmt" count="0"/>
        <line num="664" type="stmt" count="0"/>
        <line num="666" type="stmt" count="0"/>
        <line num="668" type="stmt" count="0"/>
        <line num="674" type="method" name="setMapped" crap="6" count="0"/>
        <line num="676" type="stmt" count="0"/>
        <line num="677" type="stmt" count="0"/>
        <line num="680" type="stmt" count="0"/>
        <line num="682" type="stmt" count="0"/>
        <line num="688" type="method" name="setByReference" crap="6" count="0"/>
        <line num="690" type="stmt" count="0"/>
        <line num="691" type="stmt" count="0"/>
        <line num="694" type="stmt" count="0"/>
        <line num="696" type="stmt" count="0"/>
        <line num="702" type="method" name="setInheritData" crap="6" count="0"/>
        <line num="704" type="stmt" count="0"/>
        <line num="705" type="stmt" count="0"/>
        <line num="708" type="stmt" count="0"/>
        <line num="710" type="stmt" count="0"/>
        <line num="723" type="method" name="setVirtual" crap="2" count="0"/>
        <line num="725" type="stmt" count="0"/>
        <line num="727" type="stmt" count="0"/>
        <line num="728" type="stmt" count="0"/>
        <line num="733" type="method" name="setCompound" crap="6" count="0"/>
        <line num="735" type="stmt" count="0"/>
        <line num="736" type="stmt" count="0"/>
        <line num="739" type="stmt" count="0"/>
        <line num="741" type="stmt" count="0"/>
        <line num="747" type="method" name="setType" crap="6" count="0"/>
        <line num="749" type="stmt" count="0"/>
        <line num="750" type="stmt" count="0"/>
        <line num="753" type="stmt" count="0"/>
        <line num="755" type="stmt" count="0"/>
        <line num="761" type="method" name="setData" crap="6" count="0"/>
        <line num="763" type="stmt" count="0"/>
        <line num="764" type="stmt" count="0"/>
        <line num="767" type="stmt" count="0"/>
        <line num="769" type="stmt" count="0"/>
        <line num="775" type="method" name="setDataLocked" crap="6" count="0"/>
        <line num="777" type="stmt" count="0"/>
        <line num="778" type="stmt" count="0"/>
        <line num="781" type="stmt" count="0"/>
        <line num="783" type="stmt" count="0"/>
        <line num="789" type="method" name="setFormFactory" crap="6" count="0"/>
        <line num="791" type="stmt" count="0"/>
        <line num="792" type="stmt" count="0"/>
        <line num="795" type="stmt" count="0"/>
        <line num="797" type="stmt" count="0"/>
        <line num="803" type="method" name="setAction" crap="6" count="0"/>
        <line num="805" type="stmt" count="0"/>
        <line num="806" type="stmt" count="0"/>
        <line num="809" type="stmt" count="0"/>
        <line num="811" type="stmt" count="0"/>
        <line num="817" type="method" name="setMethod" crap="12" count="0"/>
        <line num="819" type="stmt" count="0"/>
        <line num="820" type="stmt" count="0"/>
        <line num="823" type="stmt" count="0"/>
        <line num="825" type="stmt" count="0"/>
        <line num="826" type="stmt" count="0"/>
        <line num="827" type="stmt" count="0"/>
        <line num="828" type="stmt" count="0"/>
        <line num="829" type="stmt" count="0"/>
        <line num="830" type="stmt" count="0"/>
        <line num="833" type="stmt" count="0"/>
        <line num="835" type="stmt" count="0"/>
        <line num="841" type="method" name="setRequestHandler" crap="6" count="0"/>
        <line num="843" type="stmt" count="0"/>
        <line num="844" type="stmt" count="0"/>
        <line num="847" type="stmt" count="0"/>
        <line num="849" type="stmt" count="0"/>
        <line num="855" type="method" name="setAutoInitialize" crap="2" count="0"/>
        <line num="857" type="stmt" count="0"/>
        <line num="859" type="stmt" count="0"/>
        <line num="865" type="method" name="getFormConfig" crap="6" count="0"/>
        <line num="867" type="stmt" count="0"/>
        <line num="868" type="stmt" count="0"/>
        <line num="872" type="stmt" count="0"/>
        <line num="873" type="stmt" count="0"/>
        <line num="875" type="stmt" count="0"/>
        <line num="886" type="method" name="validateName" crap="30" count="0"/>
        <line num="888" type="stmt" count="0"/>
        <line num="889" type="stmt" count="0"/>
        <line num="892" type="stmt" count="0"/>
        <line num="893" type="stmt" count="0"/>
        <line num="894" type="stmt" count="0"/>
        <line num="896" type="stmt" count="0"/>
        <line num="898" type="stmt" count="0"/>
        <line num="914" type="method" name="isValidName" crap="3" count="2"/>
        <line num="916" type="stmt" count="2"/>
        <metrics loc="918" ncloc="596" classes="1" methods="61" coveredmethods="1" conditionals="0" coveredconditionals="0" statements="182" coveredstatements="1" elements="243" coveredelements="2"/>
      </file>
    </package>
    <file name="/var/www/dwr-globalweather-bundle/src/Dwr/GlobalWeatherBundle/vendor/symfony/symfony/src/Symfony/Component/Form/FormConfigBuilderInterface.php">
      <metrics loc="288" ncloc="64" classes="0" methods="0" coveredmethods="0" conditionals="0" coveredconditionals="0" statements="0" coveredstatements="0" elements="0" coveredelements="0"/>
    </file>
    <file name="/var/www/dwr-globalweather-bundle/src/Dwr/GlobalWeatherBundle/vendor/symfony/symfony/src/Symfony/Component/Form/FormConfigInterface.php">
      <metrics loc="246" ncloc="68" classes="0" methods="0" coveredmethods="0" conditionals="0" coveredconditionals="0" statements="0" coveredstatements="0" elements="0" coveredelements="0"/>
    </file>
    <file name="/var/www/dwr-globalweather-bundle/src/Dwr/GlobalWeatherBundle/vendor/symfony/symfony/src/Symfony/Component/Intl/Resources/stubs/functions.php">
      <line num="29" type="stmt" count="0"/>
      <line num="45" type="stmt" count="0"/>
      <line num="61" type="stmt" count="0"/>
      <line num="76" type="stmt" count="0"/>
      <metrics loc="78" ncloc="26" classes="0" methods="0" coveredmethods="0" conditionals="0" coveredconditionals="0" statements="4" coveredstatements="0" elements="4" coveredelements="0"/>
    </file>
    <metrics files="15" loc="2875" ncloc="1441" classes="10" methods="116" coveredmethods="23" conditionals="0" coveredconditionals="0" statements="452" coveredstatements="102" elements="568" coveredelements="125"/>
  </project>
</coverage>
